0 info it worked if it ends with ok
1 verbose cli [ 'node', '/usr/local/bin/npm', 'install', 'node-cors' ]
2 info using npm@1.4.28
3 info using node@v0.10.35
4 warn package.json Yaps@1.0.0 No repository field.
5 verbose readDependencies using package.json deps
6 verbose cache add [ 'node-cors', null ]
7 verbose cache add name=undefined spec="node-cors" args=["node-cors",null]
8 verbose parsed url { protocol: null,
8 verbose parsed url   slashes: null,
8 verbose parsed url   auth: null,
8 verbose parsed url   host: null,
8 verbose parsed url   port: null,
8 verbose parsed url   hostname: null,
8 verbose parsed url   hash: null,
8 verbose parsed url   search: null,
8 verbose parsed url   query: null,
8 verbose parsed url   pathname: 'node-cors',
8 verbose parsed url   path: 'node-cors',
8 verbose parsed url   href: 'node-cors' }
9 silly lockFile 1edb7d47-node-cors node-cors
10 verbose lock node-cors /Users/portabledino/.npm/1edb7d47-node-cors.lock
11 silly lockFile 1edb7d47-node-cors node-cors
12 silly lockFile 1edb7d47-node-cors node-cors
13 verbose addNamed [ 'node-cors', '' ]
14 verbose addNamed [ null, '*' ]
15 silly lockFile 3c3a6918-node-cors node-cors@
16 verbose lock node-cors@ /Users/portabledino/.npm/3c3a6918-node-cors.lock
17 silly addNameRange { name: 'node-cors', range: '*', hasData: false }
18 verbose request where is /node-cors
19 verbose request registry https://registry.npmjs.org/
20 verbose request id 7af5f9b9aaa2efd9
21 verbose url raw /node-cors
22 verbose url resolving [ 'https://registry.npmjs.org/', './node-cors' ]
23 verbose url resolved https://registry.npmjs.org/node-cors
24 verbose request where is https://registry.npmjs.org/node-cors
25 info trying registry request attempt 1 at 09:44:18
26 http GET https://registry.npmjs.org/node-cors
27 http 404 https://registry.npmjs.org/node-cors
28 verbose headers { date: 'Mon, 12 Jan 2015 22:44:16 GMT',
28 verbose headers   server: 'CouchDB/1.5.0 (Erlang OTP/R14B04)',
28 verbose headers   'content-type': 'application/json',
28 verbose headers   'cache-control': 'max-age=0',
28 verbose headers   'content-length': '52',
28 verbose headers   'accept-ranges': 'bytes',
28 verbose headers   via: '1.1 varnish',
28 verbose headers   age: '0',
28 verbose headers   'x-served-by': 'cache-syd1623-SYD',
28 verbose headers   'x-cache': 'MISS',
28 verbose headers   'x-cache-hits': '0',
28 verbose headers   'x-timer': 'S1421102655.976567,VS0,VE936',
28 verbose headers   'keep-alive': 'timeout=10, max=50',
28 verbose headers   connection: 'Keep-Alive' }
29 silly registry.get cb [ 404,
29 silly registry.get   { date: 'Mon, 12 Jan 2015 22:44:16 GMT',
29 silly registry.get     server: 'CouchDB/1.5.0 (Erlang OTP/R14B04)',
29 silly registry.get     'content-type': 'application/json',
29 silly registry.get     'cache-control': 'max-age=0',
29 silly registry.get     'content-length': '52',
29 silly registry.get     'accept-ranges': 'bytes',
29 silly registry.get     via: '1.1 varnish',
29 silly registry.get     age: '0',
29 silly registry.get     'x-served-by': 'cache-syd1623-SYD',
29 silly registry.get     'x-cache': 'MISS',
29 silly registry.get     'x-cache-hits': '0',
29 silly registry.get     'x-timer': 'S1421102655.976567,VS0,VE936',
29 silly registry.get     'keep-alive': 'timeout=10, max=50',
29 silly registry.get     connection: 'Keep-Alive' } ]
30 silly lockFile 3c3a6918-node-cors node-cors@
31 silly lockFile 3c3a6918-node-cors node-cors@
32 error 404 404 Not Found: node-cors
32 error 404
32 error 404 'node-cors' is not in the npm registry.
32 error 404 You should bug the author to publish it
32 error 404 It was specified as a dependency of 'Yaps'
32 error 404
32 error 404 Maybe try 'npm search cors'
32 error 404
32 error 404 Note that you can also install from a
32 error 404 tarball, folder, or http url, or git url.
33 error System Darwin 14.0.0
34 error command "node" "/usr/local/bin/npm" "install" "node-cors"
35 error cwd /Users/portabledino/Sites/ga_wdi/projects/joelryan/chatNode
36 error node -v v0.10.35
37 error npm -v 1.4.28
38 error code E404
39 verbose exit [ 1, true ]
